RDF（Rapid development framework）框架更新记录
---------------------------------------------------------------------------------------------

*********************************************************************************************

2016/04/28

1.config包新增IConfig配置对象规范接口及基于关系型数据库的RdbConfig实现。

*********************************************************************************************

2016/04/27

1.servlet支持包HttpServletRequestWrapper对象增加客户端提交xml、json等非参数数据获取支持。
2.net包新增SshException异常对象，用在需要开发人员关注的执行过程中的可能出错行为。
3.net包ISshClient接口的execCommand方法修增加SshException异常及SimpleSshClient实现命令执行退出码不为0时抛出异常。

*********************************************************************************************

2016/04/26
1.bugFix: sql包ISqlRunner对象insert,update方法接收的Map对象如果属性值中包含'$'符号报错问题。
2.bugFix: sql包ISqlRunner对象update方法接收的Map对象，主键字段名称不使用默认采用自定义名称出错问题。
3.sql包新增ConsoleSqlReport基于Druid与框架日志组件独立实现的sql执行记录报告到控制台。

*********************************************************************************************

2016/04/25
1.net包新增ISshClient远程主机操作客户端规范接口及SimpleSshClient实现。

*********************************************************************************************

2016/04/22
1.sql包IRecordList修改方法名toList为toListMap，更准确的表达意图，同时避免后期出现其它list数据时命名冲突问题。
2.sql包ISqlRunner增加Map对象作为参数生成对应的update语句执行的方法。

*********************************************************************************************

2016/04/21
1.sql包新增IRecord记录条目规范接口及SimpleRecord实现。
2.sql包新增IRecordList记录集规范接口及SimpleRecordList实现。
3.sql包新增IPageInfo分页信息规范接口及SimplePageInfo实现。
4.sql包ISqlRunner增加与以上新增规范接口对象的关联操作方法。

*********************************************************************************************
